{"/home/dennis/my_town/functions/src/helpers.ts": {"path":"/home/dennis/my_town/functions/src/helpers.ts","statementMap":{"0":{"start":{"line":1,"column":0},"end":{"line":1,"column":41}},"1":{"start":{"line":3,"column":13},"end":{"line":3,"column":null}},"2":{"start":{"line":4,"column":13},"end":{"line":4,"column":null}},"3":{"start":{"line":5,"column":13},"end":{"line":5,"column":null}},"4":{"start":{"line":6,"column":13},"end":{"line":6,"column":37}},"5":{"start":{"line":7,"column":13},"end":{"line":7,"column":53}}},"fnMap":{},"branchMap":{},"s":{"0":5,"1":5,"2":5,"3":5,"4":5,"5":5},"f":{},"b":{}}
,"/home/dennis/my_town/functions/src/issue_image.ts": {"path":"/home/dennis/my_town/functions/src/issue_image.ts","statementMap":{"0":{"start":{"line":1,"column":0},"end":{"line":1,"column":48}},"1":{"start":{"line":2,"column":0},"end":{"line":2,"column":39}},"2":{"start":{"line":4,"column":0},"end":{"line":4,"column":29}},"3":{"start":{"line":5,"column":0},"end":{"line":5,"column":39}},"4":{"start":{"line":8,"column":13},"end":{"line":17,"column":null}},"5":{"start":{"line":11,"column":20},"end":{"line":11,"column":42}},"6":{"start":{"line":13,"column":18},"end":{"line":13,"column":53}},"7":{"start":{"line":14,"column":22},"end":{"line":14,"column":65}},"8":{"start":{"line":16,"column":4},"end":{"line":16,"column":null}},"9":{"start":{"line":19,"column":13},"end":{"line":51,"column":null}},"10":{"start":{"line":22,"column":4},"end":{"line":49,"column":null}},"11":{"start":{"line":28,"column":22},"end":{"line":28,"column":67}},"12":{"start":{"line":30,"column":20},"end":{"line":30,"column":26}},"13":{"start":{"line":31,"column":23},"end":{"line":35,"column":null}},"14":{"start":{"line":39,"column":6},"end":{"line":39,"column":null}},"15":{"start":{"line":42,"column":23},"end":{"line":42,"column":50}},"16":{"start":{"line":43,"column":24},"end":{"line":43,"column":64}},"17":{"start":{"line":44,"column":6},"end":{"line":44,"column":null}},"18":{"start":{"line":46,"column":27},"end":{"line":46,"column":157}},"19":{"start":{"line":47,"column":6},"end":{"line":47,"column":null}},"20":{"start":{"line":50,"column":4},"end":{"line":50,"column":10}}},"fnMap":{"0":{"name":"(anonymous_1)","decl":{"start":{"line":10,"column":12},"end":{"line":10,"column":13}},"loc":{"start":{"line":10,"column":30},"end":{"line":17,"column":3}}},"1":{"name":"(anonymous_2)","decl":{"start":{"line":21,"column":14},"end":{"line":21,"column":19}},"loc":{"start":{"line":21,"column":29},"end":{"line":51,"column":3}}}},"branchMap":{"0":{"loc":{"start":{"line":22,"column":4},"end":{"line":49,"column":null}},"type":"if","locations":[{"start":{"line":22,"column":4},"end":{"line":49,"column":null}},{"start":{"line":22,"column":4},"end":{"line":49,"column":null}}]},"1":{"loc":{"start":{"line":22,"column":8},"end":{"line":22,"column":17}},"type":"binary-expr","locations":[{"start":{"line":22,"column":8},"end":{"line":22,"column":17}},{"start":{"line":22,"column":21},"end":{"line":22,"column":56}}]}},"s":{"0":2,"1":2,"2":2,"3":2,"4":2,"5":1,"6":1,"7":1,"8":1,"9":2,"10":2,"11":1,"12":1,"13":1,"14":1,"15":1,"16":1,"17":1,"18":1,"19":1,"20":1},"f":{"0":1,"1":2},"b":{"0":[1,1],"1":[2,2]}}
,"/home/dennis/my_town/functions/src/mapping.ts": {"path":"/home/dennis/my_town/functions/src/mapping.ts","statementMap":{"0":{"start":{"line":1,"column":0},"end":{"line":1,"column":48}},"1":{"start":{"line":2,"column":0},"end":{"line":2,"column":50}},"2":{"start":{"line":3,"column":0},"end":{"line":3,"column":80}},"3":{"start":{"line":4,"column":0},"end":{"line":4,"column":31}},"4":{"start":{"line":5,"column":0},"end":{"line":5,"column":43}},"5":{"start":{"line":27,"column":18},"end":{"line":27,"column":87}},"6":{"start":{"line":27,"column":74},"end":{"line":27,"column":86}},"7":{"start":{"line":29,"column":4},"end":{"line":29,"column":null}},"8":{"start":{"line":31,"column":13},"end":{"line":31,"column":60}},"9":{"start":{"line":34,"column":13},"end":{"line":53,"column":null}},"10":{"start":{"line":37,"column":22},"end":{"line":37,"column":34}},"11":{"start":{"line":38,"column":21},"end":{"line":38,"column":40}},"12":{"start":{"line":39,"column":25},"end":{"line":39,"column":40}},"13":{"start":{"line":40,"column":28},"end":{"line":41,"column":null}},"14":{"start":{"line":41,"column":37},"end":{"line":41,"column":82}},"15":{"start":{"line":43,"column":56},"end":{"line":43,"column":80}},"16":{"start":{"line":46,"column":43},"end":{"line":46,"column":127}},"17":{"start":{"line":47,"column":35},"end":{"line":47,"column":93}},"18":{"start":{"line":48,"column":28},"end":{"line":51,"column":null}},"19":{"start":{"line":52,"column":8},"end":{"line":52,"column":null}},"20":{"start":{"line":56,"column":4},"end":{"line":56,"column":null}},"21":{"start":{"line":56,"column":72},"end":{"line":56,"column":101}}},"fnMap":{"0":{"name":"(anonymous_2)","decl":{"start":{"line":27,"column":65},"end":{"line":27,"column":66}},"loc":{"start":{"line":27,"column":74},"end":{"line":27,"column":86}}},"1":{"name":"distance","decl":{"start":{"line":28,"column":9},"end":{"line":28,"column":17}},"loc":{"start":{"line":28,"column":84},"end":{"line":30,"column":1}}},"2":{"name":"(anonymous_4)","decl":{"start":{"line":36,"column":13},"end":{"line":36,"column":18}},"loc":{"start":{"line":36,"column":39},"end":{"line":53,"column":5}}},"3":{"name":"(anonymous_5)","decl":{"start":{"line":41,"column":12},"end":{"line":41,"column":13}},"loc":{"start":{"line":41,"column":37},"end":{"line":41,"column":82}}},"4":{"name":"getInstitutionObjectByLocation","decl":{"start":{"line":55,"column":9},"end":{"line":55,"column":39}},"loc":{"start":{"line":55,"column":82},"end":{"line":57,"column":1}}},"5":{"name":"(anonymous_7)","decl":{"start":{"line":56,"column":59},"end":{"line":56,"column":60}},"loc":{"start":{"line":56,"column":72},"end":{"line":56,"column":101}}}},"branchMap":{"0":{"loc":{"start":{"line":49,"column":40},"end":{"line":49,"column":42}},"type":"cond-expr","locations":[{"start":{"line":49,"column":40},"end":{"line":49,"column":42}},{"start":{"line":49,"column":40},"end":{"line":49,"column":46}}]},"1":{"loc":{"start":{"line":49,"column":27},"end":{"line":49,"column":42}},"type":"binary-expr","locations":[{"start":{"line":49,"column":27},"end":{"line":49,"column":42}},{"start":{"line":49,"column":40},"end":{"line":49,"column":42}}]}},"s":{"0":1,"1":1,"2":1,"3":1,"4":1,"5":1,"6":2,"7":4,"8":1,"9":1,"10":1,"11":1,"12":1,"13":1,"14":2,"15":1,"16":1,"17":1,"18":1,"19":1,"20":1,"21":2},"f":{"0":2,"1":4,"2":1,"3":2,"4":1,"5":2},"b":{"0":[0,1],"1":[1,1]}}
,"/home/dennis/my_town/functions/src/votes.ts": {"path":"/home/dennis/my_town/functions/src/votes.ts","statementMap":{"0":{"start":{"line":1,"column":0},"end":{"line":1,"column":48}},"1":{"start":{"line":2,"column":0},"end":{"line":2,"column":40}},"2":{"start":{"line":3,"column":0},"end":{"line":3,"column":31}},"3":{"start":{"line":5,"column":13},"end":{"line":60,"column":null}},"4":{"start":{"line":6,"column":22},"end":{"line":6,"column":41}},"5":{"start":{"line":7,"column":23},"end":{"line":7,"column":43}},"6":{"start":{"line":8,"column":17},"end":{"line":8,"column":38}},"7":{"start":{"line":10,"column":18},"end":{"line":10,"column":38}},"8":{"start":{"line":11,"column":19},"end":{"line":11,"column":40}},"9":{"start":{"line":31,"column":29},"end":{"line":31,"column":96}},"10":{"start":{"line":32,"column":31},"end":{"line":32,"column":98}},"11":{"start":{"line":33,"column":26},"end":{"line":33,"column":null}},"12":{"start":{"line":34,"column":23},"end":{"line":34,"column":49}},"13":{"start":{"line":36,"column":22},"end":{"line":36,"column":45}},"14":{"start":{"line":37,"column":22},"end":{"line":37,"column":46}},"15":{"start":{"line":39,"column":21},"end":{"line":39,"column":48}},"16":{"start":{"line":41,"column":22},"end":{"line":41,"column":24}},"17":{"start":{"line":42,"column":4},"end":{"line":57,"column":null}},"18":{"start":{"line":43,"column":8},"end":{"line":47,"column":null}},"19":{"start":{"line":44,"column":12},"end":{"line":44,"column":37}},"20":{"start":{"line":46,"column":12},"end":{"line":46,"column":39}},"21":{"start":{"line":48,"column":11},"end":{"line":57,"column":null}},"22":{"start":{"line":49,"column":8},"end":{"line":53,"column":null}},"23":{"start":{"line":50,"column":12},"end":{"line":50,"column":37}},"24":{"start":{"line":52,"column":12},"end":{"line":52,"column":39}},"25":{"start":{"line":54,"column":11},"end":{"line":57,"column":null}},"26":{"start":{"line":55,"column":8},"end":{"line":55,"column":56}},"27":{"start":{"line":56,"column":8},"end":{"line":56,"column":58}},"28":{"start":{"line":59,"column":4},"end":{"line":59,"column":53}},"29":{"start":{"line":63,"column":18},"end":{"line":63,"column":28}},"30":{"start":{"line":64,"column":26},"end":{"line":64,"column":71}},"31":{"start":{"line":65,"column":4},"end":{"line":65,"column":60}},"32":{"start":{"line":65,"column":36},"end":{"line":65,"column":58}},"33":{"start":{"line":66,"column":4},"end":{"line":66,"column":null}},"34":{"start":{"line":69,"column":13},"end":{"line":72,"column":null}},"35":{"start":{"line":70,"column":20},"end":{"line":70,"column":42}},"36":{"start":{"line":71,"column":4},"end":{"line":71,"column":null}},"37":{"start":{"line":71,"column":34},"end":{"line":71,"column":69}},"38":{"start":{"line":74,"column":13},"end":{"line":77,"column":null}},"39":{"start":{"line":75,"column":19},"end":{"line":75,"column":40}},"40":{"start":{"line":76,"column":4},"end":{"line":76,"column":null}},"41":{"start":{"line":76,"column":34},"end":{"line":76,"column":67}}},"fnMap":{"0":{"name":"(anonymous_1)","decl":{"start":{"line":5,"column":96},"end":{"line":5,"column":101}},"loc":{"start":{"line":5,"column":122},"end":{"line":60,"column":1}}},"1":{"name":"deleteUserVotes","decl":{"start":{"line":62,"column":15},"end":{"line":62,"column":30}},"loc":{"start":{"line":62,"column":105},"end":{"line":67,"column":1}}},"2":{"name":"(anonymous_3)","decl":{"start":{"line":65,"column":26},"end":{"line":65,"column":27}},"loc":{"start":{"line":65,"column":36},"end":{"line":65,"column":58}}},"3":{"name":"(anonymous_4)","decl":{"start":{"line":69,"column":107},"end":{"line":69,"column":108}},"loc":{"start":{"line":69,"column":125},"end":{"line":72,"column":1}}},"4":{"name":"(anonymous_5)","decl":{"start":{"line":71,"column":27},"end":{"line":71,"column":30}},"loc":{"start":{"line":71,"column":34},"end":{"line":71,"column":69}}},"5":{"name":"(anonymous_6)","decl":{"start":{"line":74,"column":104},"end":{"line":74,"column":105}},"loc":{"start":{"line":74,"column":122},"end":{"line":77,"column":1}}},"6":{"name":"(anonymous_7)","decl":{"start":{"line":76,"column":27},"end":{"line":76,"column":30}},"loc":{"start":{"line":76,"column":34},"end":{"line":76,"column":67}}}},"branchMap":{"0":{"loc":{"start":{"line":8,"column":29},"end":{"line":8,"column":31}},"type":"cond-expr","locations":[{"start":{"line":8,"column":29},"end":{"line":8,"column":31}},{"start":{"line":8,"column":29},"end":{"line":8,"column":38}}]},"1":{"loc":{"start":{"line":8,"column":17},"end":{"line":8,"column":31}},"type":"binary-expr","locations":[{"start":{"line":8,"column":17},"end":{"line":8,"column":31}},{"start":{"line":8,"column":29},"end":{"line":8,"column":31}}]},"2":{"loc":{"start":{"line":10,"column":30},"end":{"line":10,"column":32}},"type":"cond-expr","locations":[{"start":{"line":10,"column":30},"end":{"line":10,"column":32}},{"start":{"line":10,"column":30},"end":{"line":10,"column":38}}]},"3":{"loc":{"start":{"line":10,"column":18},"end":{"line":10,"column":32}},"type":"binary-expr","locations":[{"start":{"line":10,"column":18},"end":{"line":10,"column":32}},{"start":{"line":10,"column":30},"end":{"line":10,"column":32}}]},"4":{"loc":{"start":{"line":11,"column":32},"end":{"line":11,"column":34}},"type":"cond-expr","locations":[{"start":{"line":11,"column":32},"end":{"line":11,"column":34}},{"start":{"line":11,"column":32},"end":{"line":11,"column":40}}]},"5":{"loc":{"start":{"line":11,"column":19},"end":{"line":11,"column":34}},"type":"binary-expr","locations":[{"start":{"line":11,"column":19},"end":{"line":11,"column":34}},{"start":{"line":11,"column":32},"end":{"line":11,"column":34}}]},"6":{"loc":{"start":{"line":31,"column":29},"end":{"line":31,"column":61}},"type":"binary-expr","locations":[{"start":{"line":31,"column":29},"end":{"line":31,"column":61}},{"start":{"line":31,"column":65},"end":{"line":31,"column":96}}]},"7":{"loc":{"start":{"line":31,"column":39},"end":{"line":31,"column":41}},"type":"cond-expr","locations":[{"start":{"line":31,"column":39},"end":{"line":31,"column":41}},{"start":{"line":31,"column":39},"end":{"line":31,"column":47}}]},"8":{"loc":{"start":{"line":31,"column":29},"end":{"line":31,"column":41}},"type":"binary-expr","locations":[{"start":{"line":31,"column":29},"end":{"line":31,"column":41}},{"start":{"line":31,"column":39},"end":{"line":31,"column":41}}]},"9":{"loc":{"start":{"line":31,"column":74},"end":{"line":31,"column":76}},"type":"cond-expr","locations":[{"start":{"line":31,"column":74},"end":{"line":31,"column":76}},{"start":{"line":31,"column":74},"end":{"line":31,"column":82}}]},"10":{"loc":{"start":{"line":31,"column":65},"end":{"line":31,"column":76}},"type":"binary-expr","locations":[{"start":{"line":31,"column":65},"end":{"line":31,"column":76}},{"start":{"line":31,"column":74},"end":{"line":31,"column":76}}]},"11":{"loc":{"start":{"line":32,"column":31},"end":{"line":32,"column":62}},"type":"binary-expr","locations":[{"start":{"line":32,"column":31},"end":{"line":32,"column":62}},{"start":{"line":32,"column":66},"end":{"line":32,"column":98}}]},"12":{"loc":{"start":{"line":32,"column":40},"end":{"line":32,"column":42}},"type":"cond-expr","locations":[{"start":{"line":32,"column":40},"end":{"line":32,"column":42}},{"start":{"line":32,"column":40},"end":{"line":32,"column":48}}]},"13":{"loc":{"start":{"line":32,"column":31},"end":{"line":32,"column":42}},"type":"binary-expr","locations":[{"start":{"line":32,"column":31},"end":{"line":32,"column":42}},{"start":{"line":32,"column":40},"end":{"line":32,"column":42}}]},"14":{"loc":{"start":{"line":32,"column":76},"end":{"line":32,"column":78}},"type":"cond-expr","locations":[{"start":{"line":32,"column":76},"end":{"line":32,"column":78}},{"start":{"line":32,"column":76},"end":{"line":32,"column":84}}]},"15":{"loc":{"start":{"line":32,"column":66},"end":{"line":32,"column":78}},"type":"binary-expr","locations":[{"start":{"line":32,"column":66},"end":{"line":32,"column":78}},{"start":{"line":32,"column":76},"end":{"line":32,"column":78}}]},"16":{"loc":{"start":{"line":33,"column":36},"end":{"line":33,"column":38}},"type":"cond-expr","locations":[{"start":{"line":33,"column":36},"end":{"line":33,"column":38}},{"start":{"line":33,"column":36},"end":{"line":33,"column":44}}]},"17":{"loc":{"start":{"line":33,"column":26},"end":{"line":33,"column":38}},"type":"binary-expr","locations":[{"start":{"line":33,"column":26},"end":{"line":33,"column":38}},{"start":{"line":33,"column":36},"end":{"line":33,"column":38}}]},"18":{"loc":{"start":{"line":33,"column":58},"end":{"line":33,"column":60}},"type":"cond-expr","locations":[{"start":{"line":33,"column":58},"end":{"line":33,"column":60}},{"start":{"line":33,"column":58},"end":{"line":33,"column":66}}]},"19":{"loc":{"start":{"line":33,"column":44},"end":{"line":33,"column":60}},"type":"binary-expr","locations":[{"start":{"line":33,"column":44},"end":{"line":33,"column":60}},{"start":{"line":33,"column":58},"end":{"line":33,"column":60}}]},"20":{"loc":{"start":{"line":42,"column":4},"end":{"line":57,"column":null}},"type":"if","locations":[{"start":{"line":42,"column":4},"end":{"line":57,"column":null}},{"start":{"line":42,"column":4},"end":{"line":57,"column":null}}]},"21":{"loc":{"start":{"line":43,"column":8},"end":{"line":47,"column":null}},"type":"if","locations":[{"start":{"line":43,"column":8},"end":{"line":47,"column":null}},{"start":{"line":43,"column":8},"end":{"line":47,"column":null}}]},"22":{"loc":{"start":{"line":48,"column":11},"end":{"line":57,"column":null}},"type":"if","locations":[{"start":{"line":48,"column":11},"end":{"line":57,"column":null}},{"start":{"line":48,"column":11},"end":{"line":57,"column":null}}]},"23":{"loc":{"start":{"line":49,"column":8},"end":{"line":53,"column":null}},"type":"if","locations":[{"start":{"line":49,"column":8},"end":{"line":53,"column":null}},{"start":{"line":49,"column":8},"end":{"line":53,"column":null}}]},"24":{"loc":{"start":{"line":54,"column":11},"end":{"line":57,"column":null}},"type":"if","locations":[{"start":{"line":54,"column":11},"end":{"line":57,"column":null}},{"start":{"line":54,"column":11},"end":{"line":57,"column":null}}]},"25":{"loc":{"start":{"line":55,"column":34},"end":{"line":55,"column":43}},"type":"cond-expr","locations":[{"start":{"line":55,"column":34},"end":{"line":55,"column":43}},{"start":{"line":55,"column":46},"end":{"line":55,"column":55}}]},"26":{"loc":{"start":{"line":56,"column":36},"end":{"line":56,"column":45}},"type":"cond-expr","locations":[{"start":{"line":56,"column":36},"end":{"line":56,"column":45}},{"start":{"line":56,"column":48},"end":{"line":56,"column":57}}]}},"s":{"0":2,"1":2,"2":2,"3":2,"4":7,"5":7,"6":7,"7":7,"8":7,"9":7,"10":7,"11":7,"12":7,"13":7,"14":7,"15":7,"16":7,"17":7,"18":2,"19":1,"20":1,"21":5,"22":2,"23":1,"24":1,"25":3,"26":2,"27":2,"28":7,"29":2,"30":2,"31":2,"32":2,"33":2,"34":2,"35":1,"36":1,"37":1,"38":2,"39":1,"40":1,"41":1},"f":{"0":7,"1":2,"2":2,"3":1,"4":1,"5":1,"6":1},"b":{"0":[0,7],"1":[7,7],"2":[0,7],"3":[7,7],"4":[0,7],"5":[7,7],"6":[7,2],"7":[0,7],"8":[7,7],"9":[0,2],"10":[2,2],"11":[7,2],"12":[0,7],"13":[7,7],"14":[0,2],"15":[2,2],"16":[0,7],"17":[7,7],"18":[0,7],"19":[7,7],"20":[2,5],"21":[1,1],"22":[2,3],"23":[1,1],"24":[2,1],"25":[1,1],"26":[1,1]}}
,"/home/dennis/my_town/functions/test/test.config.ts": {"path":"/home/dennis/my_town/functions/test/test.config.ts","statementMap":{"0":{"start":{"line":1,"column":0},"end":{"line":1,"column":47}},"1":{"start":{"line":2,"column":0},"end":{"line":2,"column":52}},"2":{"start":{"line":28,"column":30},"end":{"line":28,"column":38}},"3":{"start":{"line":4,"column":23},"end":{"line":4,"column":69}},"4":{"start":{"line":6,"column":13},"end":{"line":10,"column":null}},"5":{"start":{"line":12,"column":14},"end":{"line":14,"column":null}},"6":{"start":{"line":26,"column":8},"end":{"line":26,"column":13}},"7":{"start":{"line":19,"column":16},"end":{"line":21,"column":41}},"8":{"start":{"line":26,"column":15},"end":{"line":26,"column":22}},"9":{"start":{"line":24,"column":0},"end":{"line":24,"column":23}}},"fnMap":{},"branchMap":{},"s":{"0":5,"1":5,"2":5,"3":5,"4":5,"5":5,"6":5,"7":5,"8":5,"9":5},"f":{},"b":{}}
}
