{"/home/denisbarzanov2002/FlutterProjects/my_town/functions/src/votes.ts": {"path":"/home/denisbarzanov2002/FlutterProjects/my_town/functions/src/votes.ts","statementMap":{"0":{"start":{"line":1,"column":0},"end":{"line":1,"column":48}},"1":{"start":{"line":2,"column":0},"end":{"line":2,"column":40}},"2":{"start":{"line":4,"column":11},"end":{"line":4,"column":28}},"3":{"start":{"line":6,"column":13},"end":{"line":43,"column":3}},"4":{"start":{"line":7,"column":22},"end":{"line":7,"column":41}},"5":{"start":{"line":8,"column":23},"end":{"line":8,"column":43}},"6":{"start":{"line":9,"column":17},"end":{"line":9,"column":38}},"7":{"start":{"line":11,"column":18},"end":{"line":11,"column":38}},"8":{"start":{"line":12,"column":19},"end":{"line":12,"column":40}},"9":{"start":{"line":14,"column":29},"end":{"line":14,"column":96}},"10":{"start":{"line":15,"column":31},"end":{"line":15,"column":98}},"11":{"start":{"line":17,"column":23},"end":{"line":17,"column":49}},"12":{"start":{"line":19,"column":22},"end":{"line":19,"column":45}},"13":{"start":{"line":20,"column":22},"end":{"line":20,"column":46}},"14":{"start":{"line":22,"column":21},"end":{"line":22,"column":48}},"15":{"start":{"line":24,"column":22},"end":{"line":24,"column":24}},"16":{"start":{"line":25,"column":4},"end":{"line":40,"column":null}},"17":{"start":{"line":26,"column":8},"end":{"line":30,"column":null}},"18":{"start":{"line":27,"column":12},"end":{"line":27,"column":37}},"19":{"start":{"line":29,"column":12},"end":{"line":29,"column":39}},"20":{"start":{"line":31,"column":11},"end":{"line":40,"column":null}},"21":{"start":{"line":32,"column":8},"end":{"line":36,"column":null}},"22":{"start":{"line":33,"column":12},"end":{"line":33,"column":37}},"23":{"start":{"line":35,"column":12},"end":{"line":35,"column":39}},"24":{"start":{"line":38,"column":8},"end":{"line":38,"column":56}},"25":{"start":{"line":39,"column":8},"end":{"line":39,"column":58}},"26":{"start":{"line":42,"column":4},"end":{"line":42,"column":47}}},"fnMap":{"0":{"name":"(anonymous_0)","decl":{"start":{"line":6,"column":96},"end":{"line":6,"column":97}},"loc":{"start":{"line":6,"column":116},"end":{"line":43,"column":1}}}},"branchMap":{"0":{"loc":{"start":{"line":9,"column":29},"end":{"line":9,"column":31}},"type":"cond-expr","locations":[{"start":{"line":9,"column":29},"end":{"line":9,"column":31}},{"start":{"line":9,"column":29},"end":{"line":9,"column":38}}]},"1":{"loc":{"start":{"line":9,"column":17},"end":{"line":9,"column":31}},"type":"binary-expr","locations":[{"start":{"line":9,"column":17},"end":{"line":9,"column":31}},{"start":{"line":9,"column":29},"end":{"line":9,"column":31}}]},"2":{"loc":{"start":{"line":11,"column":30},"end":{"line":11,"column":32}},"type":"cond-expr","locations":[{"start":{"line":11,"column":30},"end":{"line":11,"column":32}},{"start":{"line":11,"column":30},"end":{"line":11,"column":38}}]},"3":{"loc":{"start":{"line":11,"column":18},"end":{"line":11,"column":32}},"type":"binary-expr","locations":[{"start":{"line":11,"column":18},"end":{"line":11,"column":32}},{"start":{"line":11,"column":30},"end":{"line":11,"column":32}}]},"4":{"loc":{"start":{"line":12,"column":32},"end":{"line":12,"column":34}},"type":"cond-expr","locations":[{"start":{"line":12,"column":32},"end":{"line":12,"column":34}},{"start":{"line":12,"column":32},"end":{"line":12,"column":40}}]},"5":{"loc":{"start":{"line":12,"column":19},"end":{"line":12,"column":34}},"type":"binary-expr","locations":[{"start":{"line":12,"column":19},"end":{"line":12,"column":34}},{"start":{"line":12,"column":32},"end":{"line":12,"column":34}}]},"6":{"loc":{"start":{"line":14,"column":29},"end":{"line":14,"column":61}},"type":"binary-expr","locations":[{"start":{"line":14,"column":29},"end":{"line":14,"column":61}},{"start":{"line":14,"column":65},"end":{"line":14,"column":96}}]},"7":{"loc":{"start":{"line":14,"column":39},"end":{"line":14,"column":41}},"type":"cond-expr","locations":[{"start":{"line":14,"column":39},"end":{"line":14,"column":41}},{"start":{"line":14,"column":39},"end":{"line":14,"column":47}}]},"8":{"loc":{"start":{"line":14,"column":29},"end":{"line":14,"column":41}},"type":"binary-expr","locations":[{"start":{"line":14,"column":29},"end":{"line":14,"column":41}},{"start":{"line":14,"column":39},"end":{"line":14,"column":41}}]},"9":{"loc":{"start":{"line":14,"column":74},"end":{"line":14,"column":76}},"type":"cond-expr","locations":[{"start":{"line":14,"column":74},"end":{"line":14,"column":76}},{"start":{"line":14,"column":74},"end":{"line":14,"column":82}}]},"10":{"loc":{"start":{"line":14,"column":65},"end":{"line":14,"column":76}},"type":"binary-expr","locations":[{"start":{"line":14,"column":65},"end":{"line":14,"column":76}},{"start":{"line":14,"column":74},"end":{"line":14,"column":76}}]},"11":{"loc":{"start":{"line":15,"column":31},"end":{"line":15,"column":62}},"type":"binary-expr","locations":[{"start":{"line":15,"column":31},"end":{"line":15,"column":62}},{"start":{"line":15,"column":66},"end":{"line":15,"column":98}}]},"12":{"loc":{"start":{"line":15,"column":40},"end":{"line":15,"column":42}},"type":"cond-expr","locations":[{"start":{"line":15,"column":40},"end":{"line":15,"column":42}},{"start":{"line":15,"column":40},"end":{"line":15,"column":48}}]},"13":{"loc":{"start":{"line":15,"column":31},"end":{"line":15,"column":42}},"type":"binary-expr","locations":[{"start":{"line":15,"column":31},"end":{"line":15,"column":42}},{"start":{"line":15,"column":40},"end":{"line":15,"column":42}}]},"14":{"loc":{"start":{"line":15,"column":76},"end":{"line":15,"column":78}},"type":"cond-expr","locations":[{"start":{"line":15,"column":76},"end":{"line":15,"column":78}},{"start":{"line":15,"column":76},"end":{"line":15,"column":84}}]},"15":{"loc":{"start":{"line":15,"column":66},"end":{"line":15,"column":78}},"type":"binary-expr","locations":[{"start":{"line":15,"column":66},"end":{"line":15,"column":78}},{"start":{"line":15,"column":76},"end":{"line":15,"column":78}}]},"16":{"loc":{"start":{"line":25,"column":4},"end":{"line":40,"column":null}},"type":"if","locations":[{"start":{"line":25,"column":4},"end":{"line":40,"column":null}},{"start":{"line":25,"column":4},"end":{"line":40,"column":null}}]},"17":{"loc":{"start":{"line":26,"column":8},"end":{"line":30,"column":null}},"type":"if","locations":[{"start":{"line":26,"column":8},"end":{"line":30,"column":null}},{"start":{"line":26,"column":8},"end":{"line":30,"column":null}}]},"18":{"loc":{"start":{"line":31,"column":11},"end":{"line":40,"column":null}},"type":"if","locations":[{"start":{"line":31,"column":11},"end":{"line":40,"column":null}},{"start":{"line":31,"column":11},"end":{"line":40,"column":null}}]},"19":{"loc":{"start":{"line":32,"column":8},"end":{"line":36,"column":null}},"type":"if","locations":[{"start":{"line":32,"column":8},"end":{"line":36,"column":null}},{"start":{"line":32,"column":8},"end":{"line":36,"column":null}}]},"20":{"loc":{"start":{"line":38,"column":34},"end":{"line":38,"column":43}},"type":"cond-expr","locations":[{"start":{"line":38,"column":34},"end":{"line":38,"column":43}},{"start":{"line":38,"column":46},"end":{"line":38,"column":55}}]},"21":{"loc":{"start":{"line":39,"column":36},"end":{"line":39,"column":45}},"type":"cond-expr","locations":[{"start":{"line":39,"column":36},"end":{"line":39,"column":45}},{"start":{"line":39,"column":48},"end":{"line":39,"column":57}}]}},"s":{"0":1,"1":1,"2":1,"3":1,"4":6,"5":6,"6":6,"7":6,"8":6,"9":6,"10":6,"11":6,"12":6,"13":6,"14":6,"15":6,"16":6,"17":2,"18":1,"19":1,"20":4,"21":2,"22":1,"23":1,"24":2,"25":2,"26":6},"f":{"0":6},"b":{"0":[0,6],"1":[6,6],"2":[0,6],"3":[6,6],"4":[0,6],"5":[6,6],"6":[6,2],"7":[0,6],"8":[6,6],"9":[0,2],"10":[2,2],"11":[6,2],"12":[0,6],"13":[6,6],"14":[0,2],"15":[2,2],"16":[2,4],"17":[1,1],"18":[2,2],"19":[1,1],"20":[1,1],"21":[1,1]}}
}
