TN:
SF:/home/denisbarzanov2002/FlutterProjects/my_town/functions/src/helpers.ts
FNF:0
FNH:0
DA:1,1
DA:3,1
DA:4,1
DA:5,1
DA:6,1
DA:7,1
LF:6
LH:6
BRF:0
BRH:0
end_of_record
TN:
SF:/home/denisbarzanov2002/FlutterProjects/my_town/functions/src/mapping.ts
FN:27,(anonymous_2)
FN:28,distance
FN:36,(anonymous_4)
FN:41,(anonymous_5)
FN:55,getInstitutionObjectByLocation
FN:56,(anonymous_7)
FNF:6
FNH:6
FNDA:2,(anonymous_2)
FNDA:4,distance
FNDA:1,(anonymous_4)
FNDA:2,(anonymous_5)
FNDA:1,getInstitutionObjectByLocation
FNDA:2,(anonymous_7)
DA:1,1
DA:2,1
DA:3,1
DA:4,1
DA:5,1
DA:27,2
DA:29,4
DA:31,1
DA:34,1
DA:37,1
DA:38,1
DA:39,1
DA:40,1
DA:41,2
DA:43,1
DA:46,1
DA:47,1
DA:48,1
DA:52,1
DA:56,2
LF:20
LH:20
BRDA:49,0,0,0
BRDA:49,0,1,1
BRDA:49,1,0,1
BRDA:49,1,1,1
BRF:4
BRH:3
end_of_record
TN:
SF:/home/denisbarzanov2002/FlutterProjects/my_town/functions/test/test.config.ts
FNF:0
FNH:0
DA:1,1
DA:2,1
DA:4,1
DA:6,1
DA:12,1
DA:19,1
DA:24,1
DA:26,1
DA:28,1
LF:9
LH:9
BRF:0
BRH:0
end_of_record
