TN:
SF:/home/denisbarzanov2002/FlutterProjects/my_town/functions/src/votes.ts
FN:6,(anonymous_0)
FNF:1
FNH:1
FNDA:6,(anonymous_0)
DA:1,1
DA:2,1
DA:4,1
DA:6,1
DA:7,6
DA:8,6
DA:9,6
DA:11,6
DA:12,6
DA:14,6
DA:15,6
DA:17,6
DA:19,6
DA:20,6
DA:22,6
DA:24,6
DA:25,6
DA:26,2
DA:27,1
DA:29,1
DA:31,4
DA:32,2
DA:33,1
DA:35,1
DA:38,2
DA:39,2
DA:42,6
LF:27
LH:27
BRDA:9,0,0,0
BRDA:9,0,1,6
BRDA:9,1,0,6
BRDA:9,1,1,6
BRDA:11,2,0,0
BRDA:11,2,1,6
BRDA:11,3,0,6
BRDA:11,3,1,6
BRDA:12,4,0,0
BRDA:12,4,1,6
BRDA:12,5,0,6
BRDA:12,5,1,6
BRDA:14,6,0,6
BRDA:14,6,1,2
BRDA:14,7,0,0
BRDA:14,7,1,6
BRDA:14,8,0,6
BRDA:14,8,1,6
BRDA:14,9,0,0
BRDA:14,9,1,2
BRDA:14,10,0,2
BRDA:14,10,1,2
BRDA:15,11,0,6
BRDA:15,11,1,2
BRDA:15,12,0,0
BRDA:15,12,1,6
BRDA:15,13,0,6
BRDA:15,13,1,6
BRDA:15,14,0,0
BRDA:15,14,1,2
BRDA:15,15,0,2
BRDA:15,15,1,2
BRDA:25,16,0,2
BRDA:25,16,1,4
BRDA:26,17,0,1
BRDA:26,17,1,1
BRDA:31,18,0,2
BRDA:31,18,1,2
BRDA:32,19,0,1
BRDA:32,19,1,1
BRDA:38,20,0,1
BRDA:38,20,1,1
BRDA:39,21,0,1
BRDA:39,21,1,1
BRF:44
BRH:37
end_of_record
